# do {cpu_tb_compile.do}
# ** Warning: (vlib-34) Library already exists at "modelsim_lib/work".
# 
# ** Warning: (vlib-34) Library already exists at "modelsim_lib/msim".
# 
# ** Warning: (vlib-34) Library already exists at "modelsim_lib/msim/dist_mem_gen_v8_0_12".
# 
# ** Warning: (vlib-34) Library already exists at "modelsim_lib/msim/xil_defaultlib".
# 
# Model Technology ModelSim PE vmap 10.4c Lib Mapping Utility 2015.07 Jul 20 2015
# vmap dist_mem_gen_v8_0_12 modelsim_lib/msim/dist_mem_gen_v8_0_12 
# Modifying modelsim.ini
# Model Technology ModelSim PE vmap 10.4c Lib Mapping Utility 2015.07 Jul 20 2015
# vmap xil_defaultlib modelsim_lib/msim/xil_defaultlib 
# Modifying modelsim.ini
# ** Warning: (vlog-159) Mode option -64 is not supported in this context and will be ignored.
# 
# Model Technology ModelSim PE vlog 10.4c Compiler 2015.07 Jul 20 2015
# Start time: 12:05:23 on Nov 10,2019
# vlog -64 -incr -work dist_mem_gen_v8_0_12 ../../../../AsmCPU.ip_user_files/ipstatic/simulation/dist_mem_gen_v8_0.v 
# -- Skipping module dist_mem_gen_v8_0_12
# 
# Top level modules:
# 	dist_mem_gen_v8_0_12
# End time: 12:05:23 on Nov 10,2019, Elapsed time: 0:00:00
# Errors: 0, Warnings: 1
# ** Warning: (vlog-159) Mode option -64 is not supported in this context and will be ignored.
# 
# Model Technology ModelSim PE vlog 10.4c Compiler 2015.07 Jul 20 2015
# Start time: 12:05:23 on Nov 10,2019
# vlog -64 -incr -work xil_defaultlib ../../../../AsmCPU.srcs/sources_1/ip/Imem/sim/Imem.v ../../../../AsmCPU.srcs/sources_1/new/CP0.v ../../../../AsmCPU.srcs/sources_1/new/DIV.v ../../../../AsmCPU.srcs/sources_1/new/MUL.v ../../../../AsmCPU.srcs/sources_1/new/RegFile.v ../../../../AsmCPU.srcs/sources_1/new/alu.v ../../../../AsmCPU.srcs/sources_1/new/clk_divider.v ../../../../AsmCPU.srcs/sources_1/new/cpu_bus.v ../../../../AsmCPU.srcs/sources_1/new/ctrl.v ../../../../AsmCPU.srcs/sources_1/new/dmem_driver.v ../../../../AsmCPU.srcs/sources_1/new/dmem_store.v ../../../../AsmCPU.srcs/sources_1/new/ex_mem.v ../../../../AsmCPU.srcs/sources_1/new/g_reg.v ../../../../AsmCPU.srcs/sources_1/new/i_decoder.v ../../../../AsmCPU.srcs/sources_1/new/id_ex.v ../../../../AsmCPU.srcs/sources_1/new/if_id.v ../../../../AsmCPU.srcs/sources_1/new/mem_wb.v ../../../../AsmCPU.srcs/sources_1/new/sccomp_dataflow.v ../../../../AsmCPU.srcs/sources_1/new/sel21.v ../../../../AsmCPU.srcs/sources_1/new/sel41.v ../../../../AsmCPU.srcs/sources_1/new/sel81.v ../../../../AsmCPU.srcs/sim_1/new/cpu_tb.v 
# -- Skipping module Imem
# -- Skipping module CP0
# -- Skipping module DIV
# -- Compiling module MUL
# -- Compiling module RegFile
# -- Compiling module alu
# -- Skipping module clk_divider
# -- Compiling module cpu_bus
# -- Compiling module ctrl
# -- Compiling module dmem_driver
# -- Skipping module dmem_store
# -- Compiling module ex_mem
# -- Skipping module g_reg
# -- Skipping module i_decoder
# -- Compiling module id_ex
# -- Skipping module if_id
# -- Compiling module mem_wb
# -- Skipping module sccomp_dataflow
# -- Skipping module sel21
# -- Skipping module sel41
# -- Skipping module sel81
# -- Compiling module cpu_tb
# 
# Top level modules:
# 	cpu_tb
# End time: 12:05:24 on Nov 10,2019, Elapsed time: 0:00:01
# Errors: 0, Warnings: 1
# Model Technology ModelSim PE vlog 10.4c Compiler 2015.07 Jul 20 2015
# Start time: 12:05:24 on Nov 10,2019
# vlog -work xil_defaultlib glbl.v 
# -- Compiling module glbl
# 
# Top level modules:
# 	glbl
# End time: 12:05:24 on Nov 10,2019, Elapsed time: 0:00:00
# Errors: 0, Warnings: 0
